# starting Tue Oct 18 16:09:54 2011
# memory overrun protection of 4 Bytes
# initializing new memory with 0xAA
# sweeping deleted memory with 0xEE
# aborts on OVERWRITE_MEMORY 
# not thread save; if you use threads, recompile with -DTHREAD_SAVE
# internal buffer now 32768
# finished Tue Oct 18 16:09:54 2011
# LeakReport
# from new @ |      size  # Pointer Addr
L   0x409142          56  # 0xaea310
L   0x409178          56  # 0xaea360
L   0x4091ae          48  # 0xaea3b0
L   0x40847b          56  # 0xaefd10
L   0x40847b          56  # 0xaef560
L   0x40847b          56  # 0xaefef0
L   0x40847b          56  # 0xaef620
L   0x40847b          56  # 0xaef730
L   0x40847b          56  # 0xaef6e0
L   0x40847b          56  # 0xaef7f0
L   0x40847b          56  # 0xaef7a0
L   0x40847b          56  # 0xaef5b0
L   0x40541b          48  # 0xaecfe0
L   0x4060a0          64  # 0xaef860
L   0x40847b          56  # 0xaefa10
L   0x40541b          48  # 0xaef980
L   0x4060a0          64  # 0xaef9c0
L   0x40847b          56  # 0xaefba0
L   0x40541b          48  # 0xaefac0
L   0x4060a0          64  # 0xaefb00
L   0x40847b          56  # 0xaef8b0
L   0x40847b          56  # 0xaefc00
L   0x40847b          56  # 0xaefdd0
L   0x40847b          56  # 0xaefcc0
L   0x40847b          56  # 0xaef2c0
L   0x40847b          56  # 0xaefd80
L   0x40847b          56  # 0xaef270
L   0x403f91          56  # 0xaefea0
L   0x40847b          56  # 0xaef360
L   0x403f91          56  # 0xaeff60
L   0x403f91          56  # 0xaf0020
L   0x40847b          56  # 0xaef420
L   0x403f91          56  # 0xaf00e0
L   0x40847b          56  # 0xaef4e0
L   0x40847b          56  # 0xaf01a0
L   0x40541b          48  # 0xaf02d0
L   0x40541b          48  # 0xaf0130
L   0x4060a0          64  # 0xaf0260
L   0x4060a0          48  # 0xaf0310
L   0x40541b          48  # 0xaf03d0
L   0x4060a0          48  # 0xaf0410
L   0x40541b          48  # 0xaf04f0
L   0x4060a0          48  # 0xaf0530
L   0x40541b          48  # 0xaf0610
L   0x4060a0          48  # 0xaf0650
L   0x40541b          48  # 0xaf0730
L   0x4060a0          48  # 0xaf0770
L   0x40541b          48  # 0xaf0950
L   0x40541b          48  # 0xaf0850
L   0x4060a0          64  # 0xaf0890
L   0x4060a0          64  # 0xaf0900
L   0x40541b          48  # 0xaf0a20
L   0x4060a0          64  # 0xaf0a60
L   0x40541b          48  # 0xaf0b60
L   0x4060a0          64  # 0xaf0ba0
L   0x40541b          48  # 0xaf0ca0
L   0x4060a0          64  # 0xaf0ce0
L   0x40541b          48  # 0xaf0de0
L   0x4060a0          64  # 0xaf0e20
L   0x40541b          48  # 0xaf0f20
L   0x4060a0          64  # 0xaf0f60
L   0x40541b          48  # 0xaf1160
L   0x40541b          48  # 0xaf1060
L   0x4060a0          64  # 0xaf10a0
L   0x4060a0          64  # 0xaf1110
L   0x40541b          48  # 0xaf1230
L   0x4060a0          64  # 0xaf1270
L   0x40541b          48  # 0xaf1370
L   0x4060a0          64  # 0xaf13b0
L   0x40541b          48  # 0xaf14b0
L   0x4060a0          64  # 0xaf14f0
L   0x40541b          48  # 0xaf15f0
L   0x4060a0          64  # 0xaf1630
L   0x40541b          48  # 0xaf1730
L   0x4060a0          64  # 0xaf1770
L   0x40541b          48  # 0xaf1870
L   0x4060a0          64  # 0xaf18b0
L   0x40847b          56  # 0xaf1a00
L   0x40847b          56  # 0xaf19b0
L   0x40847b          56  # 0xaf1ac0
L   0x40847b          56  # 0xaf1b80
L   0x40847b          56  # 0xaf1c40
L   0x40847b          56  # 0xaf1d00
L   0x40847b          56  # 0xaf1dc0
L   0x40847b          56  # 0xaf1e80
L   0x40847b          56  # 0xaf1f40
L   0x40847b          56  # 0xaf2050
L   0x40847b          56  # 0xaf2000
L   0x40847b          56  # 0xaf2110
L   0x40847b          56  # 0xaf21d0
L   0x40847b          56  # 0xaf2290
L   0x40847b          56  # 0xaf2350
L   0x40847b          56  # 0xaf2410
L   0x40847b          56  # 0xaf24d0
L   0x40847b          56  # 0xaf2590
L   0x40847b          56  # 0xaf2650
L   0x40847b          56  # 0xaf2760
L   0x40847b          56  # 0xaf2710
L   0x40847b          56  # 0xaf2820
L   0x40847b          56  # 0xaf28e0
L   0x40847b          56  # 0xaf29a0
L   0x40847b          56  # 0xaf2a60
L   0x40847b          56  # 0xaf2b20
L   0x40847b          56  # 0xaf2be0
L   0x40847b          56  # 0xaf2ca0
L   0x40847b          56  # 0xaf2d60
L   0x40847b          56  # 0xaf3050
L   0x403f91          56  # 0xaf31a0
L   0x403f91          56  # 0xaf3150
L   0x403f91          56  # 0xaf3240
L   0x403f91          56  # 0xaf32e0
L   0x403f91          56  # 0xaf33a0
L   0x403f91          56  # 0xaf3460
L   0x403f91          56  # 0xaf3520
L   0x403f91          56  # 0xaf35e0
L   0x403f91          56  # 0xaf36a0
L   0x403f91          56  # 0xaf3760
L   0x403f91          56  # 0xaf3820
L   0x403f91          56  # 0xaf38e0
L   0x403f91          56  # 0xaf39f0
L   0x403f91          56  # 0xaf39a0
L   0x403f91          56  # 0xaf3ab0
L   0x403f91          56  # 0xaf3b70
L   0x403f91          56  # 0xaf3c30
L   0x403f91          56  # 0xaf3cf0
L   0x403f91          56  # 0xaf3db0
L   0x403f91          56  # 0xaf3e70
L   0x403f91          56  # 0xaf3f30
L   0x403f91          56  # 0xaf3ff0
L   0x403f91          56  # 0xaf40b0
L   0x403f91          56  # 0xaf4170
L   0x403f91          56  # 0xaf4230
L   0x403f91          56  # 0xaf4340
L   0x403f91          56  # 0xaf42f0
L   0x403f91          56  # 0xaf4400
L   0x403f91          56  # 0xaf44c0
L   0x403f91          56  # 0xaf4580
L   0x403f91          56  # 0xaf4640
L   0x403f91          56  # 0xaf4700
L   0x403f91          56  # 0xaf47c0
L   0x403f91          56  # 0xaf4880
L   0x403f91          56  # 0xaf4940
L   0x403f91          56  # 0xaf4a00
L   0x403f91          56  # 0xaf4ac0
L   0x403f91          56  # 0xaf4b80
L   0x403f91          56  # 0xaf4c40
L   0x403f91          56  # 0xaf4d50
L   0x403f91          56  # 0xaf4d00
L   0x403f91          56  # 0xaf4e10
L   0x403f91          56  # 0xaf4ed0
L   0x403f91          56  # 0xaf4f90
L   0x403f91          56  # 0xaf5050
L   0x403f91          56  # 0xaf5110
L   0x403f91          56  # 0xaf51d0
L   0x403f91          56  # 0xaf5290
L   0x403f91          56  # 0xaf5350
L   0x403f91          56  # 0xaf5410
L   0x403f91          56  # 0xaf54d0
L   0x403f91          56  # 0xaf5590
L   0x403f91          56  # 0xaf5650
L   0x403f91          56  # 0xaf5710
L   0x40847b          56  # 0xaf5820
L   0x40847b          56  # 0xaf57d0
L   0x40847b          56  # 0xaf58e0
L   0x40847b          56  # 0xaf59a0
L   0x40847b          56  # 0xaf5a60
L   0x40847b          56  # 0xaf5b20
L   0x40847b          56  # 0xaf5be0
L   0x40847b          56  # 0xaf5ca0
L   0x40847b          56  # 0xaf5d60
L   0x40847b          56  # 0xaf5e20
L   0x40847b          56  # 0xaf5ee0
L   0x40847b          56  # 0xaf5fa0
L   0x40847b          56  # 0xaf6060
L   0x40847b          56  # 0xaf6120
L   0x40847b          56  # 0xaf61e0
L   0x40847b          56  # 0xaf62a0
# total allocation requests:   1735 ; max. mem used 49 kBytes
# leak   9824 Bytes	:-(
